/search/data/liuyouyuan/pyproject/Bert-Chinese-Text-Classification-Pytorch
Loading data...
180000it [00:37, 4831.54it/s]
10000it [00:02, 4572.33it/s]
10000it [00:01, 5072.57it/s]
Time usage: 0:00:41
Epoch [1/3]
Iter:      0,  Train Loss:   2.4,  Train Acc: 14.06%,  Val Loss:   2.4,  Val Acc:  9.08%,  Time: 0:00:37 *
Iter:    100,  Train Loss:   0.4,  Train Acc: 86.72%,  Val Loss:  0.36,  Val Acc: 89.44%,  Time: 0:03:39 *
Iter:    200,  Train Loss:  0.32,  Train Acc: 89.84%,  Val Loss:  0.33,  Val Acc: 90.11%,  Time: 0:06:41 *
Iter:    300,  Train Loss:  0.27,  Train Acc: 92.97%,  Val Loss:  0.31,  Val Acc: 90.76%,  Time: 0:09:43 *
Iter:    400,  Train Loss:  0.41,  Train Acc: 87.50%,  Val Loss:  0.26,  Val Acc: 91.75%,  Time: 0:12:46 *
Iter:    500,  Train Loss:  0.24,  Train Acc: 93.75%,  Val Loss:  0.26,  Val Acc: 91.98%,  Time: 0:15:49 *
Iter:    600,  Train Loss:  0.27,  Train Acc: 92.19%,  Val Loss:  0.25,  Val Acc: 91.87%,  Time: 0:18:51 *
Iter:    700,  Train Loss:  0.23,  Train Acc: 92.97%,  Val Loss:  0.24,  Val Acc: 92.48%,  Time: 0:21:53 *
Iter:    800,  Train Loss:  0.17,  Train Acc: 93.75%,  Val Loss:  0.23,  Val Acc: 92.55%,  Time: 0:24:55 *
Iter:    900,  Train Loss:  0.23,  Train Acc: 92.97%,  Val Loss:  0.21,  Val Acc: 93.13%,  Time: 0:27:57 *
Iter:   1000,  Train Loss:  0.17,  Train Acc: 92.19%,  Val Loss:  0.23,  Val Acc: 92.62%,  Time: 0:30:59
Iter:   1100,  Train Loss:  0.26,  Train Acc: 92.97%,  Val Loss:  0.21,  Val Acc: 93.24%,  Time: 0:34:01 *
Iter:   1200,  Train Loss:  0.21,  Train Acc: 92.19%,  Val Loss:  0.21,  Val Acc: 92.79%,  Time: 0:37:03
Iter:   1300,  Train Loss:  0.21,  Train Acc: 92.19%,  Val Loss:   0.2,  Val Acc: 93.23%,  Time: 0:40:05 *
Iter:   1400,  Train Loss:  0.38,  Train Acc: 89.06%,  Val Loss:   0.2,  Val Acc: 93.24%,  Time: 0:43:08 *
Epoch [2/3]
Iter:   1500,  Train Loss:  0.15,  Train Acc: 95.31%,  Val Loss:  0.19,  Val Acc: 93.74%,  Time: 0:46:09 *
Iter:   1600,  Train Loss:  0.19,  Train Acc: 93.75%,  Val Loss:   0.2,  Val Acc: 93.96%,  Time: 0:49:11
Iter:   1700,  Train Loss:  0.15,  Train Acc: 96.88%,  Val Loss:   0.2,  Val Acc: 93.76%,  Time: 0:52:13
Iter:   1800,  Train Loss:  0.11,  Train Acc: 96.88%,  Val Loss:   0.2,  Val Acc: 93.64%,  Time: 0:55:15
Iter:   1900,  Train Loss:  0.12,  Train Acc: 96.09%,  Val Loss:  0.19,  Val Acc: 94.02%,  Time: 0:58:17 *
Iter:   2000,  Train Loss:  0.11,  Train Acc: 96.88%,  Val Loss:   0.2,  Val Acc: 93.62%,  Time: 1:01:19
Iter:   2100,  Train Loss:  0.13,  Train Acc: 96.09%,  Val Loss:  0.19,  Val Acc: 93.99%,  Time: 1:04:21 *
Iter:   2200,  Train Loss: 0.099,  Train Acc: 96.88%,  Val Loss:   0.2,  Val Acc: 94.02%,  Time: 1:07:23
Iter:   2300,  Train Loss:  0.11,  Train Acc: 96.09%,  Val Loss:  0.19,  Val Acc: 93.97%,  Time: 1:10:26
Iter:   2400,  Train Loss: 0.064,  Train Acc: 96.09%,  Val Loss:  0.19,  Val Acc: 93.96%,  Time: 1:13:28
Iter:   2500,  Train Loss: 0.082,  Train Acc: 97.66%,  Val Loss:   0.2,  Val Acc: 93.71%,  Time: 1:16:30
Iter:   2600,  Train Loss:  0.16,  Train Acc: 94.53%,  Val Loss:  0.19,  Val Acc: 94.15%,  Time: 1:19:32 *
Iter:   2700,  Train Loss:  0.12,  Train Acc: 96.88%,  Val Loss:  0.18,  Val Acc: 94.19%,  Time: 1:22:34 *
Iter:   2800,  Train Loss: 0.073,  Train Acc: 97.66%,  Val Loss:  0.18,  Val Acc: 94.24%,  Time: 1:25:37 *
Epoch [3/3]
Iter:   2900,  Train Loss:  0.13,  Train Acc: 96.88%,  Val Loss:   0.2,  Val Acc: 94.22%,  Time: 1:28:38
Iter:   3000,  Train Loss: 0.091,  Train Acc: 97.66%,  Val Loss:  0.19,  Val Acc: 94.38%,  Time: 1:31:40
Iter:   3100,  Train Loss:  0.04,  Train Acc: 97.66%,  Val Loss:  0.19,  Val Acc: 94.28%,  Time: 1:34:41
Iter:   3200,  Train Loss:  0.15,  Train Acc: 96.88%,  Val Loss:   0.2,  Val Acc: 94.23%,  Time: 1:37:43
Iter:   3300,  Train Loss: 0.048,  Train Acc: 98.44%,  Val Loss:  0.19,  Val Acc: 94.31%,  Time: 1:40:45
Iter:   3400,  Train Loss: 0.041,  Train Acc: 99.22%,  Val Loss:   0.2,  Val Acc: 94.35%,  Time: 1:43:46
Iter:   3500,  Train Loss: 0.052,  Train Acc: 97.66%,  Val Loss:  0.19,  Val Acc: 94.54%,  Time: 1:46:48
Iter:   3600,  Train Loss: 0.012,  Train Acc: 100.00%,  Val Loss:   0.2,  Val Acc: 94.37%,  Time: 1:49:50
Iter:   3700,  Train Loss:  0.13,  Train Acc: 96.09%,  Val Loss:   0.2,  Val Acc: 94.30%,  Time: 1:52:52
Iter:   3800,  Train Loss:  0.07,  Train Acc: 97.66%,  Val Loss:   0.2,  Val Acc: 94.61%,  Time: 1:55:54
No optimization for a long time, auto-stopping...
Test Loss:  0.17,  Test Acc: 94.72%
Precision, Recall and F1-Score...
               precision    recall  f1-score   support

      finance     0.9383    0.9430    0.9406      1000
       realty     0.9588    0.9530    0.9559      1000
       stocks     0.9137    0.9110    0.9124      1000
    education     0.9633    0.9720    0.9676      1000
      science     0.9004    0.9310    0.9154      1000
      society     0.9512    0.9350    0.9430      1000
     politics     0.9257    0.9350    0.9303      1000
       sports     0.9909    0.9760    0.9834      1000
         game     0.9844    0.9470    0.9653      1000
entertainment     0.9491    0.9690    0.9589      1000

     accuracy                         0.9472     10000
    macro avg     0.9476    0.9472    0.9473     10000
 weighted avg     0.9476    0.9472    0.9473     10000

Confusion Matrix...
[[943   7  28   1   8   2   9   1   0   1]
 [  8 953  15   4   4   2   9   1   0   4]
 [ 39  12 911   0  16   1  19   0   0   2]
 [  1   0   0 972   3   9   9   0   0   6]
 [  2   4  17   3 931   9   8   1  13  12]
 [  4   9   1  15   7 935  17   0   0  12]
 [  5   3  21   8  13  13 935   0   0   2]
 [  2   3   2   1   1   3   2 976   0  10]
 [  0   0   2   1  41   5   0   1 947   3]
 [  1   3   0   4  10   4   2   5   2 969]]
Time usage: 0:00:35
You have new mail in /var/spool/mail/root
